SF:cvx/portfolio/__init__.py
end_of_record
SF:cvx/portfolio/min_risk.py
DA:14,1
DA:16,1
DA:19,1
DA:20,1
DA:26,1
LF:5
LH:5
FN:19,26,minrisk_problem
FNDA:1,minrisk_problem
FNF:1
FNH:1
end_of_record
SF:cvx/random/__init__.py
DA:14,1
DA:16,1
LF:2
LH:2
end_of_record
SF:cvx/random/rand_cov.py
DA:14,1
DA:16,1
DA:19,1
DA:20,1
DA:21,1
LF:5
LH:5
FN:19,21,rand_cov
FNDA:1,rand_cov
FNF:1
FNH:1
end_of_record
SF:cvx/risk/__init__.py
DA:14,1
DA:16,1
LF:2
LH:2
end_of_record
SF:cvx/risk/bounds.py
DA:15,1
DA:17,1
DA:19,1
DA:20,1
DA:22,1
DA:25,1
DA:26,1
DA:27,1
DA:28,1
DA:30,1
DA:32,1
DA:34,1
DA:35,1
DA:37,1
DA:38,1
DA:43,1
DA:49,1
DA:51,1
DA:52,1
DA:53,1
DA:55,1
DA:56,1
DA:57,1
DA:61,1
DA:62,1
LF:25
LH:25
FN:30,32,Bounds.estimate
FNDA:1,Bounds.estimate
FN:34,35,Bounds._f
FNDA:1,Bounds._f
FN:37,47,Bounds.__post_init__
FNDA:1,Bounds.__post_init__
FN:49,59,Bounds.update
FNDA:1,Bounds.update
FN:61,65,Bounds.constraints
FNDA:1,Bounds.constraints
FNF:5
FNH:5
end_of_record
SF:cvx/risk/cvar/__init__.py
DA:14,1
DA:16,1
LF:2
LH:2
end_of_record
SF:cvx/risk/cvar/cvar.py
DA:14,1
DA:16,1
DA:18,1
DA:19,1
DA:21,1
DA:22,1
DA:25,1
DA:26,1
DA:29,1
DA:30,1
DA:31,1
DA:33,1
DA:34,1
DA:35,1
DA:38,1
DA:40,1
DA:47,1
DA:49,1
DA:50,1
DA:51,1
DA:53,1
DA:54,1
DA:56,1
DA:57,1
LF:24
LH:24
FN:33,38,CVar.__post_init__
FNDA:1,CVar.__post_init__
FN:40,47,CVar.estimate
FNDA:1,CVar.estimate
FN:49,54,CVar.update
FNDA:1,CVar.update
FN:56,57,CVar.constraints
FNDA:1,CVar.constraints
FNF:4
FNH:4
end_of_record
SF:cvx/risk/factor/__init__.py
DA:14,1
DA:16,1
LF:2
LH:2
end_of_record
SF:cvx/risk/factor/factor.py
DA:16,1
DA:18,1
DA:20,1
DA:21,1
DA:23,1
DA:24,1
DA:25,1
DA:28,1
DA:29,1
DA:33,1
DA:36,1
DA:38,1
DA:39,1
DA:45,1
DA:49,1
DA:55,1
DA:56,1
DA:58,1
DA:62,1
DA:66,1
DA:68,1
DA:72,1
DA:73,1
DA:74,1
DA:76,1
DA:77,1
DA:80,1
DA:81,1
DA:82,1
DA:84,1
DA:85,1
DA:87,1
LF:32
LH:32
FN:38,56,FactorModel.__post_init__
FNDA:1,FactorModel.__post_init__
FN:58,70,FactorModel.estimate
FNDA:1,FactorModel.estimate
FN:72,82,FactorModel.update
FNDA:1,FactorModel.update
FN:84,91,FactorModel.constraints
FNDA:1,FactorModel.constraints
FNF:4
FNH:4
end_of_record
SF:cvx/risk/linalg/__init__.py
DA:14,1
DA:16,1
DA:17,1
DA:18,1
LF:4
LH:4
end_of_record
SF:cvx/risk/linalg/cholesky.py
DA:14,1
DA:16,1
DA:19,1
DA:24,1
LF:4
LH:4
FN:19,24,cholesky
FNDA:1,cholesky
FNF:1
FNH:1
end_of_record
SF:cvx/risk/linalg/pca.py
DA:16,1
DA:18,1
DA:20,1
DA:21,1
DA:22,1
DA:24,1
DA:30,1
DA:40,1
DA:41,1
DA:43,1
DA:44,1
DA:46,1
LF:12
LH:12
FN:30,59,pca
FNDA:1,pca
FNF:1
FNH:1
end_of_record
SF:cvx/risk/linalg/valid.py
DA:14,1
DA:16,1
DA:19,1
DA:28,1
DA:29,1
DA:31,1
DA:32,1
LF:7
LH:7
FN:19,32,valid
FNDA:1,valid
FNF:1
FNH:1
end_of_record
SF:cvx/risk/model.py
DA:16,1
DA:18,1
DA:19,1
DA:21,1
DA:24,1
DA:25,1
DA:28,1
DA:30,1
DA:31,1
DA:36,1
DA:37,1
DA:42,1
DA:43,1
LF:13
LH:13
FN:31,34,Model.estimate
FNDA:0,Model.estimate
FN:37,40,Model.update
FNDA:0,Model.update
FN:43,46,Model.constraints
FNDA:0,Model.constraints
FNF:3
FNH:0
end_of_record
SF:cvx/risk/sample/__init__.py
DA:14,1
DA:16,1
LF:2
LH:2
end_of_record
SF:cvx/risk/sample/sample.py
DA:16,1
DA:18,1
DA:20,1
DA:21,1
DA:23,1
DA:24,1
DA:25,1
DA:28,1
DA:29,1
DA:32,1
DA:34,1
DA:35,1
DA:40,1
DA:42,1
DA:44,1
DA:46,1
DA:47,1
DA:48,1
DA:50,1
DA:51,1
DA:53,1
DA:54,1
LF:22
LH:22
FN:34,40,SampleCovariance.__post_init__
FNDA:1,SampleCovariance.__post_init__
FN:42,44,SampleCovariance.estimate
FNDA:1,SampleCovariance.estimate
FN:46,51,SampleCovariance.update
FNDA:1,SampleCovariance.update
FN:53,54,SampleCovariance.constraints
FNDA:1,SampleCovariance.constraints
FNF:4
FNH:4
end_of_record
